<?xml version="1.0" encoding="UTF-8"?>
<!-- Generated by org.testng.reporters.JUnitReportReporter -->
<testsuite hostname="DESKTOP-OQP30TJ" failures="0" tests="1" name="TestCases.VerifyRegister" time="19.136" errors="0" timestamp="2023-06-08T13:10:51 IST" skipped="0">
  <testcase classname="TestCases.VerifyRegister" name="Register" time="19.136"/>
  <system-out/>
</testsuite> <!-- TestCases.VerifyRegister -->
