<?xml version="1.0" encoding="UTF-8"?>
<!-- Generated by org.testng.reporters.JUnitReportReporter -->
<testsuite hostname="DESKTOP-OQP30TJ" failures="0" tests="1" name="TestCases.VerifyAddToCart" time="7.012" errors="0" timestamp="2023-06-08T13:10:51 IST" skipped="0">
  <testcase classname="TestCases.VerifyAddToCart" name="AddCart1" time="7.012"/>
  <system-out/>
</testsuite> <!-- TestCases.VerifyAddToCart -->
