<?xml version="1.0" encoding="UTF-8"?>
<!-- Generated by org.testng.reporters.JUnitReportReporter -->
<testsuite hostname="DESKTOP-OQP30TJ" failures="0" tests="1" name="TestCases.VerifyLogin" time="11.921" errors="0" timestamp="2023-05-26T09:11:04 IST" skipped="0">
  <testcase classname="TestCases.VerifyLogin" name="validlogin" time="11.921"/>
  <system-out/>
</testsuite> <!-- TestCases.VerifyLogin -->
